[2024-12-30 08:34:52] [CLIENT] [LOGIN]Yêu cầu đăng nhập vào hệ thống - username: abc
[2024-12-30 08:34:52] [SERVER] [LOGIN]Nhận và xử lý yêu cầu đăng nhập - username: abc
[2024-12-30 08:34:52] [CLIENT] [FETCH_ALL_ROOMS]Client 3 Gửi yêu cầu lấy danh sách tất cả các phòng đấu giá hiện có
[2024-12-30 08:34:52] [SERVER] [FETCH_ALL_ROOM]Nhận và xử lý yêu cầu lấy danh sách tất cả các phòng hiện có
[2024-12-30 08:35:01] [CLIENT] [FETCH_OWN_ROOMS]Client 3 Gửi yêu cầu lấy danh sách các phòng đấu giá đang sở hữu
[2024-12-30 08:35:01] [SERVER] [FETCH_OWN_ROOM]Nhận và xử lý yêu cầu lấy danh sách các phòng đang sử hữu - username: abc
[2024-12-30 08:35:08] [CLIENT] [CREATE_ROOM]Client 3 Gửi yêu cầu tạo mới phòng đấu giá
[2024-12-30 08:35:08] [SERVER] [CREATE_ROOM]Nhận và xử lý yêu cầu tạo phòng - username: abc
[2024-12-30 08:35:08] [CLIENT] [FETCH_OWN_ROOMS]Client 3 Gửi yêu cầu lấy danh sách các phòng đấu giá đang sở hữu
[2024-12-30 08:35:08] [SERVER] [FETCH_OWN_ROOM]Nhận và xử lý yêu cầu lấy danh sách các phòng đang sử hữu - username: abc
[2024-12-30 08:35:09] [CLIENT] [JOIN_ROOM]Client 3 Gửi yêu cầu tham gia phòng đấu giá - 4
[2024-12-30 08:35:09] [SERVER] [JOIN_ROOM]Nhận và xử lý yêu cầu tham gia phòng 4 - username: abc
[2024-12-30 08:35:09] [CLIENT] [FETCH_ITEMS]Client 3 Gửi yêu cầu lấy danh sách vật phẩm trong room - 4
[2024-12-30 08:35:22] [CLIENT] [CREATE_ITEM]Client 3 Gửi yêu cầu tạo mới vật phẩm đấu giá
[2024-12-30 08:35:22] [CLIENT] [FETCH_ITEMS]Client 3 Gửi yêu cầu lấy danh sách vật phẩm trong room - 4
[2024-12-30 08:35:34] [CLIENT] [CREATE_ITEM]Client 3 Gửi yêu cầu tạo mới vật phẩm đấu giá
[2024-12-30 08:35:34] [CLIENT] [FETCH_ITEMS]Client 3 Gửi yêu cầu lấy danh sách vật phẩm trong room - 4
[2024-12-30 08:35:37] [CLIENT] [START_AUCTION]Chủ phòng 4 Gửi yêu cầu bắt đầu phiên đấu giá
[2024-12-30 08:35:37] [SERVER] [START_AUCTION]Nhận và xử lý yêu cầu bắt đầu phòng đấu giá 4
[2024-12-30 08:44:14] [CLIENT] [LOGIN]Yêu cầu đăng nhập vào hệ thống - username: abc
[2024-12-30 08:44:14] [SERVER] [LOGIN]Nhận và xử lý yêu cầu đăng nhập - username: abc
[2024-12-30 08:44:14] [CLIENT] [FETCH_ALL_ROOMS]Client 3 Gửi yêu cầu lấy danh sách tất cả các phòng đấu giá hiện có
[2024-12-30 08:44:14] [SERVER] [FETCH_ALL_ROOM]Nhận và xử lý yêu cầu lấy danh sách tất cả các phòng hiện có
[2024-12-30 08:44:20] [CLIENT] [FETCH_OWN_ROOMS]Client 3 Gửi yêu cầu lấy danh sách các phòng đấu giá đang sở hữu
[2024-12-30 08:44:20] [SERVER] [FETCH_OWN_ROOM]Nhận và xử lý yêu cầu lấy danh sách các phòng đang sử hữu - username: abc
[2024-12-30 08:44:26] [CLIENT] [CREATE_ROOM]Client 3 Gửi yêu cầu tạo mới phòng đấu giá
[2024-12-30 08:44:26] [SERVER] [CREATE_ROOM]Nhận và xử lý yêu cầu tạo phòng - username: abc
[2024-12-30 08:44:26] [CLIENT] [FETCH_OWN_ROOMS]Client 3 Gửi yêu cầu lấy danh sách các phòng đấu giá đang sở hữu
[2024-12-30 08:44:26] [SERVER] [FETCH_OWN_ROOM]Nhận và xử lý yêu cầu lấy danh sách các phòng đang sử hữu - username: abc
[2024-12-30 08:44:27] [CLIENT] [JOIN_ROOM]Client 3 Gửi yêu cầu tham gia phòng đấu giá - 1
[2024-12-30 08:44:27] [SERVER] [JOIN_ROOM]Nhận và xử lý yêu cầu tham gia phòng 1 - username: abc
[2024-12-30 08:44:27] [CLIENT] [FETCH_ITEMS]Client 3 Gửi yêu cầu lấy danh sách vật phẩm trong room - 1
[2024-12-30 08:44:39] [CLIENT] [CREATE_ITEM]Client 3 Gửi yêu cầu tạo mới vật phẩm đấu giá
[2024-12-30 08:44:39] [CLIENT] [FETCH_ITEMS]Client 3 Gửi yêu cầu lấy danh sách vật phẩm trong room - 1
[2024-12-30 08:44:51] [CLIENT] [CREATE_ITEM]Client 3 Gửi yêu cầu tạo mới vật phẩm đấu giá
[2024-12-30 08:44:51] [CLIENT] [FETCH_ITEMS]Client 3 Gửi yêu cầu lấy danh sách vật phẩm trong room - 1
[2024-12-30 08:45:02] [CLIENT] [LOGIN]Yêu cầu đăng nhập vào hệ thống - username: pipo
[2024-12-30 08:45:02] [SERVER] [LOGIN]Nhận và xử lý yêu cầu đăng nhập - username: pipo
[2024-12-30 08:45:02] [CLIENT] [FETCH_ALL_ROOMS]Client 3 Gửi yêu cầu lấy danh sách tất cả các phòng đấu giá hiện có
[2024-12-30 08:45:02] [SERVER] [FETCH_ALL_ROOM]Nhận và xử lý yêu cầu lấy danh sách tất cả các phòng hiện có
[2024-12-30 08:45:04] [CLIENT] [JOIN_ROOM]Client 3 Gửi yêu cầu tham gia phòng đấu giá - 1
[2024-12-30 08:45:04] [SERVER] [JOIN_ROOM]Nhận và xử lý yêu cầu tham gia phòng 1 - username: pipo
[2024-12-30 08:45:04] [CLIENT] [FETCH_ITEMS]Client 3 Gửi yêu cầu lấy danh sách vật phẩm trong room - 1
[2024-12-30 08:45:12] [CLIENT] [START_AUCTION]Chủ phòng 1 Gửi yêu cầu bắt đầu phiên đấu giá
[2024-12-30 08:45:12] [SERVER] [START_AUCTION]Nhận và xử lý yêu cầu bắt đầu phòng đấu giá 1
[2024-12-30 08:45:20] [CLIENT] [BID]Client 3 Gửi yêu cầu đấu giá vật phẩm trong room - 1
[2024-12-30 08:45:20] [SERVER] [BID]Nhận và xử lý yêu cầu đấu giá từ client -  pipo
[2024-12-30 08:45:23] [CLIENT] [BID]Client 3 Gửi yêu cầu đấu giá vật phẩm trong room - 1
[2024-12-30 08:45:23] [SERVER] [BID]Nhận và xử lý yêu cầu đấu giá từ client -  pipo
[2024-12-30 08:45:34] [CLIENT] [BID]Client 3 Gửi yêu cầu đấu giá vật phẩm trong room - 1
[2024-12-30 08:45:34] [SERVER] [BID]Nhận và xử lý yêu cầu đấu giá từ client -  pipo
[2024-12-30 08:45:35] [CLIENT] [BID]Client 3 Gửi yêu cầu đấu giá vật phẩm trong room - 1
[2024-12-30 08:45:35] [SERVER] [BID]Nhận và xử lý yêu cầu đấu giá từ client -  pipo
[2024-12-30 08:45:37] [CLIENT] [BID]Client 3 Gửi yêu cầu đấu giá vật phẩm trong room - 1
[2024-12-30 08:45:37] [SERVER] [BID]Nhận và xử lý yêu cầu đấu giá từ client -  pipo
[2024-12-30 08:45:40] [CLIENT] [BID]Client 3 Gửi yêu cầu đấu giá vật phẩm trong room - 1
[2024-12-30 08:45:40] [SERVER] [BID]Nhận và xử lý yêu cầu đấu giá từ client -  pipo
[2024-12-30 08:45:46] [CLIENT] [BID]Client 3 Gửi yêu cầu đấu giá vật phẩm trong room - 1
[2024-12-30 08:45:46] [SERVER] [BID]Nhận và xử lý yêu cầu đấu giá từ client -  pipo
[2024-12-30 08:45:48] [CLIENT] [BID]Client 3 Gửi yêu cầu đấu giá vật phẩm trong room - 1
[2024-12-30 08:45:48] [SERVER] [BID]Nhận và xử lý yêu cầu đấu giá từ client -  pipo
[2024-12-30 08:45:50] [CLIENT] [BID]Client 3 Gửi yêu cầu đấu giá vật phẩm trong room - 1
[2024-12-30 08:45:50] [SERVER] [BID]Nhận và xử lý yêu cầu đấu giá từ client -  pipo
[2024-12-30 08:45:54] [CLIENT] [BID]Client 3 Gửi yêu cầu đấu giá vật phẩm trong room - 1
[2024-12-30 08:45:54] [SERVER] [BID]Nhận và xử lý yêu cầu đấu giá từ client -  pipo
[2024-12-30 08:45:58] [CLIENT] [BID]Client 3 Gửi yêu cầu đấu giá vật phẩm trong room - 1
[2024-12-30 08:45:58] [SERVER] [BID]Nhận và xử lý yêu cầu đấu giá từ client -  pipo
[2024-12-30 08:54:19] [CLIENT] [LOGIN]Yêu cầu đăng nhập vào hệ thống - username: abc
[2024-12-30 08:54:19] [SERVER] [LOGIN]Nhận và xử lý yêu cầu đăng nhập - username: abc
[2024-12-30 08:54:19] [CLIENT] [FETCH_ALL_ROOMS]Client 3 Gửi yêu cầu lấy danh sách tất cả các phòng đấu giá hiện có
[2024-12-30 08:54:19] [SERVER] [FETCH_ALL_ROOM]Nhận và xử lý yêu cầu lấy danh sách tất cả các phòng hiện có
[2024-12-30 08:54:26] [CLIENT] [FETCH_OWN_ROOMS]Client 3 Gửi yêu cầu lấy danh sách các phòng đấu giá đang sở hữu
[2024-12-30 08:54:26] [SERVER] [FETCH_OWN_ROOM]Nhận và xử lý yêu cầu lấy danh sách các phòng đang sử hữu - username: abc
[2024-12-30 08:54:34] [CLIENT] [CREATE_ROOM]Client 3 Gửi yêu cầu tạo mới phòng đấu giá
[2024-12-30 08:54:34] [SERVER] [CREATE_ROOM]Nhận và xử lý yêu cầu tạo phòng - username: abc
[2024-12-30 08:54:34] [CLIENT] [FETCH_OWN_ROOMS]Client 3 Gửi yêu cầu lấy danh sách các phòng đấu giá đang sở hữu
[2024-12-30 08:54:34] [SERVER] [FETCH_OWN_ROOM]Nhận và xử lý yêu cầu lấy danh sách các phòng đang sử hữu - username: abc
[2024-12-30 08:54:35] [CLIENT] [JOIN_ROOM]Client 3 Gửi yêu cầu tham gia phòng đấu giá - 1
[2024-12-30 08:54:35] [SERVER] [JOIN_ROOM]Nhận và xử lý yêu cầu tham gia phòng 1 - username: abc
[2024-12-30 08:54:36] [CLIENT] [FETCH_ITEMS]Client 3 Gửi yêu cầu lấy danh sách vật phẩm trong room - 1
[2024-12-30 08:54:49] [CLIENT] [CREATE_ITEM]Client 3 Gửi yêu cầu tạo mới vật phẩm đấu giá
[2024-12-30 08:54:49] [CLIENT] [FETCH_ITEMS]Client 3 Gửi yêu cầu lấy danh sách vật phẩm trong room - 1
[2024-12-30 08:55:00] [CLIENT] [CREATE_ITEM]Client 3 Gửi yêu cầu tạo mới vật phẩm đấu giá
[2024-12-30 08:55:00] [CLIENT] [FETCH_ITEMS]Client 3 Gửi yêu cầu lấy danh sách vật phẩm trong room - 1
[2024-12-30 08:55:09] [CLIENT] [LOGIN]Yêu cầu đăng nhập vào hệ thống - username: pipo
[2024-12-30 08:55:09] [SERVER] [LOGIN]Nhận và xử lý yêu cầu đăng nhập - username: pipo
[2024-12-30 08:55:09] [CLIENT] [FETCH_ALL_ROOMS]Client 3 Gửi yêu cầu lấy danh sách tất cả các phòng đấu giá hiện có
[2024-12-30 08:55:09] [SERVER] [FETCH_ALL_ROOM]Nhận và xử lý yêu cầu lấy danh sách tất cả các phòng hiện có
[2024-12-30 08:55:10] [CLIENT] [JOIN_ROOM]Client 3 Gửi yêu cầu tham gia phòng đấu giá - 1
[2024-12-30 08:55:10] [SERVER] [JOIN_ROOM]Nhận và xử lý yêu cầu tham gia phòng 1 - username: pipo
[2024-12-30 08:55:10] [CLIENT] [FETCH_ITEMS]Client 3 Gửi yêu cầu lấy danh sách vật phẩm trong room - 1
[2024-12-30 08:55:16] [CLIENT] [START_AUCTION]Chủ phòng 1 Gửi yêu cầu bắt đầu phiên đấu giá
[2024-12-30 08:55:16] [SERVER] [START_AUCTION]Nhận và xử lý yêu cầu bắt đầu phòng đấu giá 1
[2024-12-30 08:55:21] [CLIENT] [BID]Client 3 Gửi yêu cầu đấu giá vật phẩm trong room - 1
[2024-12-30 08:55:21] [SERVER] [BID]Nhận và xử lý yêu cầu đấu giá từ client -  pipo
[2024-12-30 08:55:22] [CLIENT] [BID]Client 3 Gửi yêu cầu đấu giá vật phẩm trong room - 1
[2024-12-30 08:55:22] [SERVER] [BID]Nhận và xử lý yêu cầu đấu giá từ client -  pipo
[2024-12-30 08:55:24] [CLIENT] [BID]Client 3 Gửi yêu cầu đấu giá vật phẩm trong room - 1
[2024-12-30 08:55:24] [SERVER] [BID]Nhận và xử lý yêu cầu đấu giá từ client -  pipo
[2024-12-30 08:55:25] [CLIENT] [BID]Client 3 Gửi yêu cầu đấu giá vật phẩm trong room - 1
[2024-12-30 08:55:25] [SERVER] [BID]Nhận và xử lý yêu cầu đấu giá từ client -  pipo
[2024-12-30 08:56:43] [CLIENT] [EXIT_ROOM]Client 3 Gửi yêu cầu rời phòng đấu giá - 1
[2024-12-30 08:56:43] [SERVER] [JOIN_ROOM]Nhận và xử lý yêu cầu rời phòng 1 - username: pipo
[2024-12-30 08:56:46] [CLIENT] [EXIT_ROOM]Client 3 Gửi yêu cầu rời phòng đấu giá - 1
[2024-12-30 08:56:46] [SERVER] [JOIN_ROOM]Nhận và xử lý yêu cầu rời phòng 1 - username: abc
[2024-12-30 09:01:14] [CLIENT] [LOGIN]Yêu cầu đăng nhập vào hệ thống - username: abc
[2024-12-30 09:01:14] [SERVER] [LOGIN]Nhận và xử lý yêu cầu đăng nhập - username: abc
[2024-12-30 09:01:14] [CLIENT] [FETCH_ALL_ROOMS]Client 3 Gửi yêu cầu lấy danh sách tất cả các phòng đấu giá hiện có
[2024-12-30 09:01:14] [SERVER] [FETCH_ALL_ROOM]Nhận và xử lý yêu cầu lấy danh sách tất cả các phòng hiện có
[2024-12-30 09:01:25] [CLIENT] [LOGIN]Yêu cầu đăng nhập vào hệ thống - username: pipo
[2024-12-30 09:01:25] [SERVER] [LOGIN]Nhận và xử lý yêu cầu đăng nhập - username: pipo
[2024-12-30 09:01:25] [CLIENT] [FETCH_ALL_ROOMS]Client 3 Gửi yêu cầu lấy danh sách tất cả các phòng đấu giá hiện có
[2024-12-30 09:01:25] [SERVER] [FETCH_ALL_ROOM]Nhận và xử lý yêu cầu lấy danh sách tất cả các phòng hiện có
[2024-12-30 09:01:27] [CLIENT] [FETCH_OWN_ROOMS]Client 3 Gửi yêu cầu lấy danh sách các phòng đấu giá đang sở hữu
[2024-12-30 09:01:27] [SERVER] [FETCH_OWN_ROOM]Nhận và xử lý yêu cầu lấy danh sách các phòng đang sử hữu - username: pipo
[2024-12-30 09:01:36] [CLIENT] [CREATE_ROOM]Client 3 Gửi yêu cầu tạo mới phòng đấu giá
[2024-12-30 09:01:36] [SERVER] [CREATE_ROOM]Nhận và xử lý yêu cầu tạo phòng - username: pipo
[2024-12-30 09:01:36] [CLIENT] [FETCH_OWN_ROOMS]Client 3 Gửi yêu cầu lấy danh sách các phòng đấu giá đang sở hữu
[2024-12-30 09:01:36] [CLIENT] [FETCH_ALL_ROOMS]Client 3 Gửi yêu cầu lấy danh sách tất cả các phòng đấu giá hiện có
[2024-12-30 09:01:36] [SERVER] [FETCH_OWN_ROOM]Nhận và xử lý yêu cầu lấy danh sách các phòng đang sử hữu - username: pipo
[2024-12-30 09:01:36] [SERVER] [FETCH_ALL_ROOM]Nhận và xử lý yêu cầu lấy danh sách tất cả các phòng hiện có
[2024-12-30 09:01:37] [CLIENT] [JOIN_ROOM]Client 3 Gửi yêu cầu tham gia phòng đấu giá - 2
[2024-12-30 09:01:37] [SERVER] [JOIN_ROOM]Nhận và xử lý yêu cầu tham gia phòng 2 - username: pipo
[2024-12-30 09:01:37] [CLIENT] [FETCH_ITEMS]Client 3 Gửi yêu cầu lấy danh sách vật phẩm trong room - 2
[2024-12-30 09:01:52] [CLIENT] [CREATE_ITEM]Client 3 Gửi yêu cầu tạo mới vật phẩm đấu giá
[2024-12-30 09:01:52] [CLIENT] [FETCH_ITEMS]Client 3 Gửi yêu cầu lấy danh sách vật phẩm trong room - 2
[2024-12-30 09:01:52] [CLIENT] [FETCH_ALL_ROOMS]Client 3 Gửi yêu cầu lấy danh sách tất cả các phòng đấu giá hiện có
[2024-12-30 09:01:52] [SERVER] [FETCH_ALL_ROOM]Nhận và xử lý yêu cầu lấy danh sách tất cả các phòng hiện có
[2024-12-30 09:02:02] [CLIENT] [CREATE_ITEM]Client 3 Gửi yêu cầu tạo mới vật phẩm đấu giá
[2024-12-30 09:02:02] [CLIENT] [FETCH_ITEMS]Client 3 Gửi yêu cầu lấy danh sách vật phẩm trong room - 2
[2024-12-30 09:02:02] [CLIENT] [FETCH_ALL_ROOMS]Client 3 Gửi yêu cầu lấy danh sách tất cả các phòng đấu giá hiện có
[2024-12-30 09:02:02] [SERVER] [FETCH_ALL_ROOM]Nhận và xử lý yêu cầu lấy danh sách tất cả các phòng hiện có
[2024-12-30 09:02:09] [CLIENT] [JOIN_ROOM]Client 3 Gửi yêu cầu tham gia phòng đấu giá - 2
[2024-12-30 09:02:09] [SERVER] [JOIN_ROOM]Nhận và xử lý yêu cầu tham gia phòng 2 - username: abc
[2024-12-30 09:02:09] [CLIENT] [FETCH_ITEMS]Client 3 Gửi yêu cầu lấy danh sách vật phẩm trong room - 2
[2024-12-30 09:02:15] [CLIENT] [START_AUCTION]Chủ phòng 2 Gửi yêu cầu bắt đầu phiên đấu giá
[2024-12-30 09:02:15] [SERVER] [START_AUCTION]Nhận và xử lý yêu cầu bắt đầu phòng đấu giá 2
[2024-12-30 09:02:21] [CLIENT] [BID]Client 3 Gửi yêu cầu đấu giá vật phẩm trong room - 2
[2024-12-30 09:02:21] [SERVER] [BID]Nhận và xử lý yêu cầu đấu giá từ client -  abc
[2024-12-30 09:02:26] [CLIENT] [BID]Client 3 Gửi yêu cầu đấu giá vật phẩm trong room - 2
[2024-12-30 09:02:26] [SERVER] [BID]Nhận và xử lý yêu cầu đấu giá từ client -  abc
[2024-12-30 09:02:33] [CLIENT] [BID]Client 3 Gửi yêu cầu đấu giá vật phẩm trong room - 2
[2024-12-30 09:02:33] [SERVER] [BID]Nhận và xử lý yêu cầu đấu giá từ client -  abc
[2024-12-30 09:03:06] [CLIENT] [JOIN_ROOM]Client 3 Gửi yêu cầu tham gia phòng đấu giá - 2
[2024-12-30 09:03:06] [CLIENT] [JOIN_ROOM]Client 3 Gửi yêu cầu tham gia phòng đấu giá - 2
[2024-12-30 09:03:06] [SERVER] [JOIN_ROOM]Nhận và xử lý yêu cầu tham gia phòng 2 - username: abc
[2024-12-30 09:03:06] [CLIENT] [FETCH_ITEMS]Client 3 Gửi yêu cầu lấy danh sách vật phẩm trong room - 2
[2024-12-30 09:03:06] [SERVER] [JOIN_ROOM]Nhận và xử lý yêu cầu tham gia phòng 2 - username: pipo
[2024-12-30 09:03:06] [CLIENT] [FETCH_ITEMS]Client 3 Gửi yêu cầu lấy danh sách vật phẩm trong room - 2
[2024-12-30 09:03:46] [CLIENT] [EXIT_ROOM]Client 3 Gửi yêu cầu rời phòng đấu giá - 2
[2024-12-30 09:03:46] [SERVER] [JOIN_ROOM]Nhận và xử lý yêu cầu rời phòng 2 - username: pipo
[2024-12-30 09:09:36] [CLIENT] [LOGIN]Yêu cầu đăng nhập vào hệ thống - username: abc
[2024-12-30 09:09:36] [SERVER] [LOGIN]Nhận và xử lý yêu cầu đăng nhập - username: abc
[2024-12-30 09:09:36] [CLIENT] [FETCH_ALL_ROOMS]Client 3 Gửi yêu cầu lấy danh sách tất cả các phòng đấu giá hiện có
[2024-12-30 09:09:36] [SERVER] [FETCH_ALL_ROOM]Nhận và xử lý yêu cầu lấy danh sách tất cả các phòng hiện có
[2024-12-30 09:09:46] [CLIENT] [LOGIN]Yêu cầu đăng nhập vào hệ thống - username: pipo
[2024-12-30 09:09:46] [SERVER] [LOGIN]Nhận và xử lý yêu cầu đăng nhập - username: pipo
[2024-12-30 09:09:46] [CLIENT] [FETCH_ALL_ROOMS]Client 3 Gửi yêu cầu lấy danh sách tất cả các phòng đấu giá hiện có
[2024-12-30 09:09:46] [SERVER] [FETCH_ALL_ROOM]Nhận và xử lý yêu cầu lấy danh sách tất cả các phòng hiện có
[2024-12-30 09:09:49] [CLIENT] [FETCH_OWN_ROOMS]Client 3 Gửi yêu cầu lấy danh sách các phòng đấu giá đang sở hữu
[2024-12-30 09:09:49] [SERVER] [FETCH_OWN_ROOM]Nhận và xử lý yêu cầu lấy danh sách các phòng đang sử hữu - username: abc
[2024-12-30 09:09:51] [CLIENT] [CREATE_ROOM]Client 3 Gửi yêu cầu tạo mới phòng đấu giá
[2024-12-30 09:09:51] [SERVER] [CREATE_ROOM]Nhận và xử lý yêu cầu tạo phòng - username: abc
[2024-12-30 09:09:51] [CLIENT] [FETCH_ALL_ROOMS]Client 3 Gửi yêu cầu lấy danh sách tất cả các phòng đấu giá hiện có
[2024-12-30 09:09:51] [CLIENT] [FETCH_OWN_ROOMS]Client 3 Gửi yêu cầu lấy danh sách các phòng đấu giá đang sở hữu
[2024-12-30 09:09:51] [SERVER] [FETCH_ALL_ROOM]Nhận và xử lý yêu cầu lấy danh sách tất cả các phòng hiện có
[2024-12-30 09:09:51] [SERVER] [FETCH_OWN_ROOM]Nhận và xử lý yêu cầu lấy danh sách các phòng đang sử hữu - username: abc
[2024-12-30 09:09:52] [CLIENT] [JOIN_ROOM]Client 3 Gửi yêu cầu tham gia phòng đấu giá - 1
[2024-12-30 09:09:52] [SERVER] [JOIN_ROOM]Nhận và xử lý yêu cầu tham gia phòng 1 - username: abc
[2024-12-30 09:09:53] [CLIENT] [FETCH_ITEMS]Client 3 Gửi yêu cầu lấy danh sách vật phẩm trong room - 1
[2024-12-30 09:10:02] [CLIENT] [CREATE_ITEM]Client 3 Gửi yêu cầu tạo mới vật phẩm đấu giá
[2024-12-30 09:10:02] [CLIENT] [FETCH_ITEMS]Client 3 Gửi yêu cầu lấy danh sách vật phẩm trong room - 1
[2024-12-30 09:10:02] [CLIENT] [FETCH_ALL_ROOMS]Client 3 Gửi yêu cầu lấy danh sách tất cả các phòng đấu giá hiện có
[2024-12-30 09:10:02] [SERVER] [FETCH_ALL_ROOM]Nhận và xử lý yêu cầu lấy danh sách tất cả các phòng hiện có
[2024-12-30 09:10:10] [CLIENT] [CREATE_ITEM]Client 3 Gửi yêu cầu tạo mới vật phẩm đấu giá
[2024-12-30 09:10:10] [CLIENT] [FETCH_ITEMS]Client 3 Gửi yêu cầu lấy danh sách vật phẩm trong room - 1
[2024-12-30 09:10:10] [CLIENT] [FETCH_ALL_ROOMS]Client 3 Gửi yêu cầu lấy danh sách tất cả các phòng đấu giá hiện có
[2024-12-30 09:10:10] [SERVER] [FETCH_ALL_ROOM]Nhận và xử lý yêu cầu lấy danh sách tất cả các phòng hiện có
[2024-12-30 09:10:12] [CLIENT] [JOIN_ROOM]Client 3 Gửi yêu cầu tham gia phòng đấu giá - 1
[2024-12-30 09:10:12] [SERVER] [JOIN_ROOM]Nhận và xử lý yêu cầu tham gia phòng 1 - username: pipo
[2024-12-30 09:10:12] [CLIENT] [FETCH_ITEMS]Client 3 Gửi yêu cầu lấy danh sách vật phẩm trong room - 1
[2024-12-30 09:10:15] [CLIENT] [START_AUCTION]Chủ phòng 1 Gửi yêu cầu bắt đầu phiên đấu giá
[2024-12-30 09:10:15] [SERVER] [START_AUCTION]Nhận và xử lý yêu cầu bắt đầu phòng đấu giá 1
[2024-12-30 09:10:18] [CLIENT] [BID]Client 3 Gửi yêu cầu đấu giá vật phẩm trong room - 1
[2024-12-30 09:10:18] [SERVER] [BID]Nhận và xử lý yêu cầu đấu giá từ client -  pipo
[2024-12-30 09:10:24] [CLIENT] [BID]Client 3 Gửi yêu cầu đấu giá vật phẩm trong room - 1
[2024-12-30 09:10:24] [SERVER] [BID]Nhận và xử lý yêu cầu đấu giá từ client -  abc
[2024-12-30 09:10:25] [CLIENT] [BID]Client 3 Gửi yêu cầu đấu giá vật phẩm trong room - 1
[2024-12-30 09:10:25] [SERVER] [BID]Nhận và xử lý yêu cầu đấu giá từ client -  pipo
[2024-12-30 09:10:27] [CLIENT] [BID]Client 3 Gửi yêu cầu đấu giá vật phẩm trong room - 1
[2024-12-30 09:10:27] [SERVER] [BID]Nhận và xử lý yêu cầu đấu giá từ client -  pipo
[2024-12-30 09:10:28] [CLIENT] [BID]Client 3 Gửi yêu cầu đấu giá vật phẩm trong room - 1
[2024-12-30 09:10:28] [SERVER] [BID]Nhận và xử lý yêu cầu đấu giá từ client -  pipo
[2024-12-30 09:10:29] [CLIENT] [BID]Client 3 Gửi yêu cầu đấu giá vật phẩm trong room - 1
[2024-12-30 09:10:29] [SERVER] [BID]Nhận và xử lý yêu cầu đấu giá từ client -  pipo
[2024-12-30 09:11:02] [CLIENT] [JOIN_ROOM]Client 3 Gửi yêu cầu tham gia phòng đấu giá - 1
[2024-12-30 09:11:02] [CLIENT] [JOIN_ROOM]Client 3 Gửi yêu cầu tham gia phòng đấu giá - 1
[2024-12-30 09:11:02] [SERVER] [JOIN_ROOM]Nhận và xử lý yêu cầu tham gia phòng 1 - username: abc
[2024-12-30 09:11:02] [SERVER] [JOIN_ROOM]Nhận và xử lý yêu cầu tham gia phòng 1 - username: pipo
[2024-12-30 09:11:02] [CLIENT] [FETCH_ITEMS]Client 3 Gửi yêu cầu lấy danh sách vật phẩm trong room - 1
[2024-12-30 09:11:02] [CLIENT] [FETCH_ITEMS]Client 3 Gửi yêu cầu lấy danh sách vật phẩm trong room - 1
[2024-12-30 09:14:20] [CLIENT] [LOGIN]Yêu cầu đăng nhập vào hệ thống - username: abc
[2024-12-30 09:14:20] [SERVER] [LOGIN]Nhận và xử lý yêu cầu đăng nhập - username: abc
[2024-12-30 09:14:20] [CLIENT] [FETCH_ALL_ROOMS]Client 3 Gửi yêu cầu lấy danh sách tất cả các phòng đấu giá hiện có
[2024-12-30 09:14:20] [SERVER] [FETCH_ALL_ROOM]Nhận và xử lý yêu cầu lấy danh sách tất cả các phòng hiện có
[2024-12-30 09:14:30] [CLIENT] [LOGIN]Yêu cầu đăng nhập vào hệ thống - username: pipo
[2024-12-30 09:14:30] [SERVER] [LOGIN]Nhận và xử lý yêu cầu đăng nhập - username: pipo
[2024-12-30 09:14:31] [CLIENT] [FETCH_ALL_ROOMS]Client 3 Gửi yêu cầu lấy danh sách tất cả các phòng đấu giá hiện có
[2024-12-30 09:14:31] [SERVER] [FETCH_ALL_ROOM]Nhận và xử lý yêu cầu lấy danh sách tất cả các phòng hiện có
[2024-12-30 09:14:33] [CLIENT] [FETCH_OWN_ROOMS]Client 3 Gửi yêu cầu lấy danh sách các phòng đấu giá đang sở hữu
[2024-12-30 09:14:33] [SERVER] [FETCH_OWN_ROOM]Nhận và xử lý yêu cầu lấy danh sách các phòng đang sử hữu - username: abc
[2024-12-30 09:14:39] [CLIENT] [CREATE_ROOM]Client 3 Gửi yêu cầu tạo mới phòng đấu giá
[2024-12-30 09:14:39] [SERVER] [CREATE_ROOM]Nhận và xử lý yêu cầu tạo phòng - username: abc
[2024-12-30 09:14:39] [CLIENT] [FETCH_ALL_ROOMS]Client 3 Gửi yêu cầu lấy danh sách tất cả các phòng đấu giá hiện có
[2024-12-30 09:14:39] [CLIENT] [FETCH_OWN_ROOMS]Client 3 Gửi yêu cầu lấy danh sách các phòng đấu giá đang sở hữu
[2024-12-30 09:14:39] [SERVER] [FETCH_ALL_ROOM]Nhận và xử lý yêu cầu lấy danh sách tất cả các phòng hiện có
[2024-12-30 09:14:39] [SERVER] [FETCH_OWN_ROOM]Nhận và xử lý yêu cầu lấy danh sách các phòng đang sử hữu - username: abc
[2024-12-30 09:14:39] [CLIENT] [JOIN_ROOM]Client 3 Gửi yêu cầu tham gia phòng đấu giá - 2
[2024-12-30 09:14:39] [SERVER] [JOIN_ROOM]Nhận và xử lý yêu cầu tham gia phòng 2 - username: abc
[2024-12-30 09:14:40] [CLIENT] [FETCH_ITEMS]Client 3 Gửi yêu cầu lấy danh sách vật phẩm trong room - 2
[2024-12-30 09:14:49] [CLIENT] [CREATE_ITEM]Client 3 Gửi yêu cầu tạo mới vật phẩm đấu giá
[2024-12-30 09:14:49] [CLIENT] [FETCH_ITEMS]Client 3 Gửi yêu cầu lấy danh sách vật phẩm trong room - 2
[2024-12-30 09:14:49] [CLIENT] [FETCH_ALL_ROOMS]Client 3 Gửi yêu cầu lấy danh sách tất cả các phòng đấu giá hiện có
[2024-12-30 09:14:49] [SERVER] [FETCH_ALL_ROOM]Nhận và xử lý yêu cầu lấy danh sách tất cả các phòng hiện có
[2024-12-30 09:14:54] [CLIENT] [CREATE_ITEM]Client 3 Gửi yêu cầu tạo mới vật phẩm đấu giá
[2024-12-30 09:14:54] [CLIENT] [FETCH_ALL_ROOMS]Client 3 Gửi yêu cầu lấy danh sách tất cả các phòng đấu giá hiện có
[2024-12-30 09:14:54] [CLIENT] [FETCH_ITEMS]Client 3 Gửi yêu cầu lấy danh sách vật phẩm trong room - 2
[2024-12-30 09:14:54] [SERVER] [FETCH_ALL_ROOM]Nhận và xử lý yêu cầu lấy danh sách tất cả các phòng hiện có
[2024-12-30 09:14:57] [CLIENT] [JOIN_ROOM]Client 3 Gửi yêu cầu tham gia phòng đấu giá - 2
[2024-12-30 09:14:57] [SERVER] [JOIN_ROOM]Nhận và xử lý yêu cầu tham gia phòng 2 - username: pipo
[2024-12-30 09:14:57] [CLIENT] [FETCH_ITEMS]Client 3 Gửi yêu cầu lấy danh sách vật phẩm trong room - 2
[2024-12-30 09:15:02] [CLIENT] [START_AUCTION]Chủ phòng 2 Gửi yêu cầu bắt đầu phiên đấu giá
[2024-12-30 09:15:02] [SERVER] [START_AUCTION]Nhận và xử lý yêu cầu bắt đầu phòng đấu giá 2
[2024-12-30 09:15:09] [CLIENT] [BID]Client 3 Gửi yêu cầu đấu giá vật phẩm trong room - 2
[2024-12-30 09:15:09] [SERVER] [BID]Nhận và xử lý yêu cầu đấu giá từ client -  pipo
[2024-12-30 09:15:10] [CLIENT] [BID]Client 3 Gửi yêu cầu đấu giá vật phẩm trong room - 2
[2024-12-30 09:15:10] [SERVER] [BID]Nhận và xử lý yêu cầu đấu giá từ client -  pipo
[2024-12-30 09:15:11] [CLIENT] [BID]Client 3 Gửi yêu cầu đấu giá vật phẩm trong room - 2
[2024-12-30 09:15:11] [SERVER] [BID]Nhận và xử lý yêu cầu đấu giá từ client -  pipo
[2024-12-30 09:15:12] [CLIENT] [BID]Client 3 Gửi yêu cầu đấu giá vật phẩm trong room - 2
[2024-12-30 09:15:12] [SERVER] [BID]Nhận và xử lý yêu cầu đấu giá từ client -  pipo
[2024-12-30 09:15:45] [CLIENT] [JOIN_ROOM]Client 3 Gửi yêu cầu tham gia phòng đấu giá - 2
[2024-12-30 09:15:45] [CLIENT] [JOIN_ROOM]Client 3 Gửi yêu cầu tham gia phòng đấu giá - 2
[2024-12-30 09:15:45] [SERVER] [JOIN_ROOM]Nhận và xử lý yêu cầu tham gia phòng 2 - username: pipo
[2024-12-30 09:15:45] [SERVER] [JOIN_ROOM]Nhận và xử lý yêu cầu tham gia phòng 2 - username: abc
[2024-12-30 09:15:45] [CLIENT] [FETCH_ITEMS]Client 3 Gửi yêu cầu lấy danh sách vật phẩm trong room - 2
[2024-12-30 09:15:45] [CLIENT] [FETCH_ITEMS]Client 3 Gửi yêu cầu lấy danh sách vật phẩm trong room - 2
[2024-12-30 09:15:54] [CLIENT] [EXIT_ROOM]Client 3 Gửi yêu cầu rời phòng đấu giá - 2
[2024-12-30 09:15:54] [SERVER] [JOIN_ROOM]Nhận và xử lý yêu cầu rời phòng 2 - username: pipo
[2024-12-30 09:16:49] [CLIENT] [LOGIN]Yêu cầu đăng nhập vào hệ thống - username: abc
[2024-12-30 09:16:49] [SERVER] [LOGIN]Nhận và xử lý yêu cầu đăng nhập - username: abc
[2024-12-30 09:16:49] [CLIENT] [FETCH_ALL_ROOMS]Client 3 Gửi yêu cầu lấy danh sách tất cả các phòng đấu giá hiện có
[2024-12-30 09:16:50] [SERVER] [FETCH_ALL_ROOM]Nhận và xử lý yêu cầu lấy danh sách tất cả các phòng hiện có
[2024-12-30 09:16:51] [CLIENT] [FETCH_OWN_ROOMS]Client 3 Gửi yêu cầu lấy danh sách các phòng đấu giá đang sở hữu
[2024-12-30 09:16:51] [SERVER] [FETCH_OWN_ROOM]Nhận và xử lý yêu cầu lấy danh sách các phòng đang sử hữu - username: abc
[2024-12-30 09:16:54] [CLIENT] [CREATE_ROOM]Client 3 Gửi yêu cầu tạo mới phòng đấu giá
[2024-12-30 09:16:54] [SERVER] [CREATE_ROOM]Nhận và xử lý yêu cầu tạo phòng - username: abc
[2024-12-30 09:16:54] [CLIENT] [FETCH_OWN_ROOMS]Client 3 Gửi yêu cầu lấy danh sách các phòng đấu giá đang sở hữu
[2024-12-30 09:16:54] [SERVER] [FETCH_OWN_ROOM]Nhận và xử lý yêu cầu lấy danh sách các phòng đang sử hữu - username: abc
[2024-12-30 09:16:54] [CLIENT] [JOIN_ROOM]Client 3 Gửi yêu cầu tham gia phòng đấu giá - 1
[2024-12-30 09:16:54] [SERVER] [JOIN_ROOM]Nhận và xử lý yêu cầu tham gia phòng 1 - username: abc
[2024-12-30 09:16:54] [CLIENT] [FETCH_ITEMS]Client 3 Gửi yêu cầu lấy danh sách vật phẩm trong room - 1
[2024-12-30 09:17:09] [CLIENT] [CREATE_ITEM]Client 3 Gửi yêu cầu tạo mới vật phẩm đấu giá
[2024-12-30 09:17:09] [CLIENT] [FETCH_ITEMS]Client 3 Gửi yêu cầu lấy danh sách vật phẩm trong room - 1
[2024-12-30 09:17:17] [CLIENT] [CREATE_ITEM]Client 3 Gửi yêu cầu tạo mới vật phẩm đấu giá
[2024-12-30 09:17:17] [CLIENT] [FETCH_ITEMS]Client 3 Gửi yêu cầu lấy danh sách vật phẩm trong room - 1
[2024-12-30 09:17:27] [CLIENT] [LOGIN]Yêu cầu đăng nhập vào hệ thống - username: pipo
[2024-12-30 09:17:27] [SERVER] [LOGIN]Nhận và xử lý yêu cầu đăng nhập - username: pipo
[2024-12-30 09:17:27] [CLIENT] [FETCH_ALL_ROOMS]Client 3 Gửi yêu cầu lấy danh sách tất cả các phòng đấu giá hiện có
[2024-12-30 09:17:27] [SERVER] [FETCH_ALL_ROOM]Nhận và xử lý yêu cầu lấy danh sách tất cả các phòng hiện có
[2024-12-30 09:17:28] [CLIENT] [JOIN_ROOM]Client 3 Gửi yêu cầu tham gia phòng đấu giá - 1
[2024-12-30 09:17:28] [SERVER] [JOIN_ROOM]Nhận và xử lý yêu cầu tham gia phòng 1 - username: pipo
[2024-12-30 09:17:28] [CLIENT] [FETCH_ITEMS]Client 3 Gửi yêu cầu lấy danh sách vật phẩm trong room - 1
[2024-12-30 09:17:34] [CLIENT] [START_AUCTION]Chủ phòng 1 Gửi yêu cầu bắt đầu phiên đấu giá
[2024-12-30 09:17:34] [SERVER] [START_AUCTION]Nhận và xử lý yêu cầu bắt đầu phòng đấu giá 1
[2024-12-30 09:17:38] [CLIENT] [BID]Client 3 Gửi yêu cầu đấu giá vật phẩm trong room - 1
[2024-12-30 09:17:38] [SERVER] [BID]Nhận và xử lý yêu cầu đấu giá từ client -  pipo
[2024-12-30 09:17:39] [CLIENT] [BID]Client 3 Gửi yêu cầu đấu giá vật phẩm trong room - 1
[2024-12-30 09:17:39] [SERVER] [BID]Nhận và xử lý yêu cầu đấu giá từ client -  abc
[2024-12-30 09:17:41] [CLIENT] [BID]Client 3 Gửi yêu cầu đấu giá vật phẩm trong room - 1
[2024-12-30 09:17:41] [SERVER] [BID]Nhận và xử lý yêu cầu đấu giá từ client -  pipo
[2024-12-30 09:17:42] [CLIENT] [BID]Client 3 Gửi yêu cầu đấu giá vật phẩm trong room - 1
[2024-12-30 09:17:42] [SERVER] [BID]Nhận và xử lý yêu cầu đấu giá từ client -  pipo
[2024-12-30 09:17:45] [CLIENT] [BID]Client 3 Gửi yêu cầu đấu giá vật phẩm trong room - 1
[2024-12-30 09:17:45] [SERVER] [BID]Nhận và xử lý yêu cầu đấu giá từ client -  pipo
[2024-12-30 09:18:17] [CLIENT] [JOIN_ROOM]Client 3 Gửi yêu cầu tham gia phòng đấu giá - 1
[2024-12-30 09:18:17] [CLIENT] [JOIN_ROOM]Client 3 Gửi yêu cầu tham gia phòng đấu giá - 1
[2024-12-30 09:18:18] [SERVER] [JOIN_ROOM]Nhận và xử lý yêu cầu tham gia phòng 1 - username: pipo
[2024-12-30 09:18:18] [SERVER] [JOIN_ROOM]Nhận và xử lý yêu cầu tham gia phòng 1 - username: abc
[2024-12-30 09:18:18] [CLIENT] [FETCH_ITEMS]Client 3 Gửi yêu cầu lấy danh sách vật phẩm trong room - 1
[2024-12-30 09:18:18] [CLIENT] [FETCH_ITEMS]Client 3 Gửi yêu cầu lấy danh sách vật phẩm trong room - 1
[2024-12-30 09:23:21] [CLIENT] [LOGIN]Yêu cầu đăng nhập vào hệ thống - username: abc
[2024-12-30 09:23:21] [SERVER] [LOGIN]Nhận và xử lý yêu cầu đăng nhập - username: abc
[2024-12-30 09:23:21] [CLIENT] [FETCH_ALL_ROOMS]Client 3 Gửi yêu cầu lấy danh sách tất cả các phòng đấu giá hiện có
[2024-12-30 09:23:21] [SERVER] [FETCH_ALL_ROOM]Nhận và xử lý yêu cầu lấy danh sách tất cả các phòng hiện có
[2024-12-30 09:23:23] [CLIENT] [FETCH_OWN_ROOMS]Client 3 Gửi yêu cầu lấy danh sách các phòng đấu giá đang sở hữu
[2024-12-30 09:23:23] [SERVER] [FETCH_OWN_ROOM]Nhận và xử lý yêu cầu lấy danh sách các phòng đang sử hữu - username: abc
[2024-12-30 09:23:26] [CLIENT] [CREATE_ROOM]Client 3 Gửi yêu cầu tạo mới phòng đấu giá
[2024-12-30 09:23:26] [SERVER] [CREATE_ROOM]Nhận và xử lý yêu cầu tạo phòng - username: abc
[2024-12-30 09:23:27] [CLIENT] [FETCH_OWN_ROOMS]Client 3 Gửi yêu cầu lấy danh sách các phòng đấu giá đang sở hữu
[2024-12-30 09:23:27] [SERVER] [FETCH_OWN_ROOM]Nhận và xử lý yêu cầu lấy danh sách các phòng đang sử hữu - username: abc
[2024-12-30 09:23:27] [CLIENT] [JOIN_ROOM]Client 3 Gửi yêu cầu tham gia phòng đấu giá - 1
[2024-12-30 09:23:27] [SERVER] [JOIN_ROOM]Nhận và xử lý yêu cầu tham gia phòng 1 - username: abc
[2024-12-30 09:23:27] [CLIENT] [FETCH_ITEMS]Client 3 Gửi yêu cầu lấy danh sách vật phẩm trong room - 1
[2024-12-30 09:23:36] [CLIENT] [CREATE_ITEM]Client 3 Gửi yêu cầu tạo mới vật phẩm đấu giá
[2024-12-30 09:23:36] [CLIENT] [FETCH_ITEMS]Client 3 Gửi yêu cầu lấy danh sách vật phẩm trong room - 1
[2024-12-30 09:23:42] [CLIENT] [CREATE_ITEM]Client 3 Gửi yêu cầu tạo mới vật phẩm đấu giá
[2024-12-30 09:23:42] [CLIENT] [FETCH_ITEMS]Client 3 Gửi yêu cầu lấy danh sách vật phẩm trong room - 1
[2024-12-30 09:23:53] [CLIENT] [LOGIN]Yêu cầu đăng nhập vào hệ thống - username: pipo
[2024-12-30 09:23:53] [SERVER] [LOGIN]Nhận và xử lý yêu cầu đăng nhập - username: pipo
[2024-12-30 09:23:53] [CLIENT] [FETCH_ALL_ROOMS]Client 3 Gửi yêu cầu lấy danh sách tất cả các phòng đấu giá hiện có
[2024-12-30 09:23:53] [SERVER] [FETCH_ALL_ROOM]Nhận và xử lý yêu cầu lấy danh sách tất cả các phòng hiện có
[2024-12-30 09:23:55] [CLIENT] [JOIN_ROOM]Client 3 Gửi yêu cầu tham gia phòng đấu giá - 1
[2024-12-30 09:23:55] [SERVER] [JOIN_ROOM]Nhận và xử lý yêu cầu tham gia phòng 1 - username: pipo
[2024-12-30 09:23:55] [CLIENT] [FETCH_ITEMS]Client 3 Gửi yêu cầu lấy danh sách vật phẩm trong room - 1
[2024-12-30 09:23:58] [CLIENT] [START_AUCTION]Chủ phòng 1 Gửi yêu cầu bắt đầu phiên đấu giá
[2024-12-30 09:23:58] [SERVER] [START_AUCTION]Nhận và xử lý yêu cầu bắt đầu phòng đấu giá 1
[2024-12-30 09:24:01] [CLIENT] [BID]Client 3 Gửi yêu cầu đấu giá vật phẩm trong room - 1
[2024-12-30 09:24:01] [SERVER] [BID]Nhận và xử lý yêu cầu đấu giá từ client -  pipo
[2024-12-30 09:24:03] [CLIENT] [BID]Client 3 Gửi yêu cầu đấu giá vật phẩm trong room - 1
[2024-12-30 09:24:03] [SERVER] [BID]Nhận và xử lý yêu cầu đấu giá từ client -  abc
[2024-12-30 09:24:05] [CLIENT] [BID]Client 3 Gửi yêu cầu đấu giá vật phẩm trong room - 1
[2024-12-30 09:24:05] [SERVER] [BID]Nhận và xử lý yêu cầu đấu giá từ client -  pipo
[2024-12-30 09:24:11] [CLIENT] [BID]Client 3 Gửi yêu cầu đấu giá vật phẩm trong room - 1
[2024-12-30 09:24:11] [SERVER] [BID]Nhận và xử lý yêu cầu đấu giá từ client -  abc
[2024-12-30 09:24:14] [CLIENT] [BID]Client 3 Gửi yêu cầu đấu giá vật phẩm trong room - 1
[2024-12-30 09:24:14] [SERVER] [BID]Nhận và xử lý yêu cầu đấu giá từ client -  pipo
[2024-12-30 09:24:16] [CLIENT] [BID]Client 3 Gửi yêu cầu đấu giá vật phẩm trong room - 1
[2024-12-30 09:24:16] [SERVER] [BID]Nhận và xử lý yêu cầu đấu giá từ client -  pipo
[2024-12-30 09:24:48] [CLIENT] [JOIN_ROOM]Client 3 Gửi yêu cầu tham gia phòng đấu giá - 1
[2024-12-30 09:24:48] [CLIENT] [JOIN_ROOM]Client 3 Gửi yêu cầu tham gia phòng đấu giá - 1
[2024-12-30 09:24:49] [SERVER] [JOIN_ROOM]Nhận và xử lý yêu cầu tham gia phòng 1 - username: abc
[2024-12-30 09:24:49] [CLIENT] [FETCH_ITEMS]Client 3 Gửi yêu cầu lấy danh sách vật phẩm trong room - 1
[2024-12-30 09:24:49] [SERVER] [JOIN_ROOM]Nhận và xử lý yêu cầu tham gia phòng 1 - username: pipo
[2024-12-30 09:24:49] [CLIENT] [FETCH_ITEMS]Client 3 Gửi yêu cầu lấy danh sách vật phẩm trong room - 1
[2024-12-30 09:24:54] [SERVER] [START_AUCTION]Nhận và xử lý yêu cầu bắt đầu phòng đấu giá 1
[2024-12-30 09:25:03] [CLIENT] [BID]Client 3 Gửi yêu cầu đấu giá vật phẩm trong room - 1
[2024-12-30 09:25:03] [SERVER] [BID]Nhận và xử lý yêu cầu đấu giá từ client -  abc
[2024-12-30 09:25:08] [CLIENT] [BID]Client 3 Gửi yêu cầu đấu giá vật phẩm trong room - 1
[2024-12-30 09:25:08] [SERVER] [BID]Nhận và xử lý yêu cầu đấu giá từ client -  pipo
[2024-12-30 09:25:11] [CLIENT] [BID]Client 3 Gửi yêu cầu đấu giá vật phẩm trong room - 1
[2024-12-30 09:25:11] [SERVER] [BID]Nhận và xử lý yêu cầu đấu giá từ client -  pipo
[2024-12-30 09:25:44] [CLIENT] [JOIN_ROOM]Client 3 Gửi yêu cầu tham gia phòng đấu giá - 1
[2024-12-30 09:25:44] [CLIENT] [JOIN_ROOM]Client 3 Gửi yêu cầu tham gia phòng đấu giá - 1
[2024-12-30 09:25:44] [SERVER] [JOIN_ROOM]Nhận và xử lý yêu cầu tham gia phòng 1 - username: pipo
[2024-12-30 09:25:44] [CLIENT] [FETCH_ITEMS]Client 3 Gửi yêu cầu lấy danh sách vật phẩm trong room - 1
[2024-12-30 09:25:44] [SERVER] [JOIN_ROOM]Nhận và xử lý yêu cầu tham gia phòng 1 - username: abc
[2024-12-30 09:25:44] [CLIENT] [FETCH_ITEMS]Client 3 Gửi yêu cầu lấy danh sách vật phẩm trong room - 1
[2024-12-30 09:25:49] [SERVER] [START_AUCTION]Nhận và xử lý yêu cầu bắt đầu phòng đấu giá 1
[2024-12-30 09:26:03] [CLIENT] [EXIT_ROOM]Client 3 Gửi yêu cầu rời phòng đấu giá - 1
[2024-12-30 09:26:03] [SERVER] [JOIN_ROOM]Nhận và xử lý yêu cầu rời phòng 1 - username: pipo
[2024-12-30 09:26:10] [CLIENT] [EXIT_ROOM]Client 3 Gửi yêu cầu rời phòng đấu giá - 1
[2024-12-30 09:26:10] [SERVER] [JOIN_ROOM]Nhận và xử lý yêu cầu rời phòng 1 - username: abc
[2024-12-30 09:26:14] [CLIENT] [FETCH_OWN_ROOMS]Client 3 Gửi yêu cầu lấy danh sách các phòng đấu giá đang sở hữu
[2024-12-30 09:26:14] [SERVER] [FETCH_OWN_ROOM]Nhận và xử lý yêu cầu lấy danh sách các phòng đang sử hữu - username: pipo
[2024-12-30 09:26:15] [CLIENT] [FETCH_ALL_ROOMS]Client 3 Gửi yêu cầu lấy danh sách tất cả các phòng đấu giá hiện có
[2024-12-30 09:26:15] [SERVER] [FETCH_ALL_ROOM]Nhận và xử lý yêu cầu lấy danh sách tất cả các phòng hiện có
[2024-12-30 09:26:18] [CLIENT] [FETCH_ALL_ROOMS]Client 3 Gửi yêu cầu lấy danh sách tất cả các phòng đấu giá hiện có
[2024-12-30 09:26:18] [SERVER] [FETCH_ALL_ROOM]Nhận và xử lý yêu cầu lấy danh sách tất cả các phòng hiện có
[2024-12-30 09:26:19] [CLIENT] [FETCH_OWN_ROOMS]Client 3 Gửi yêu cầu lấy danh sách các phòng đấu giá đang sở hữu
[2024-12-30 09:26:19] [SERVER] [FETCH_OWN_ROOM]Nhận và xử lý yêu cầu lấy danh sách các phòng đang sử hữu - username: abc
[2024-12-30 09:26:20] [CLIENT] [FETCH_ALL_ROOMS]Client 3 Gửi yêu cầu lấy danh sách tất cả các phòng đấu giá hiện có
[2024-12-30 09:26:20] [SERVER] [FETCH_ALL_ROOM]Nhận và xử lý yêu cầu lấy danh sách tất cả các phòng hiện có
[2024-12-30 09:26:56] [CLIENT] [JOIN_ROOM]Client 3 Gửi yêu cầu tham gia phòng đấu giá - 1
[2024-12-30 09:26:56] [SERVER] [JOIN_ROOM]Nhận và xử lý yêu cầu tham gia phòng 1 - username: abc
[2024-12-30 09:26:56] [CLIENT] [FETCH_ITEMS]Client 3 Gửi yêu cầu lấy danh sách vật phẩm trong room - 1
[2024-12-30 09:27:04] [CLIENT] [JOIN_ROOM]Client 3 Gửi yêu cầu tham gia phòng đấu giá - 1
[2024-12-30 09:27:04] [SERVER] [JOIN_ROOM]Nhận và xử lý yêu cầu tham gia phòng 1 - username: pipo
[2024-12-30 09:27:04] [CLIENT] [FETCH_ITEMS]Client 3 Gửi yêu cầu lấy danh sách vật phẩm trong room - 1
[2024-12-30 09:27:10] [CLIENT] [EXIT_ROOM]Client 3 Gửi yêu cầu rời phòng đấu giá - 1
[2024-12-30 09:27:10] [SERVER] [JOIN_ROOM]Nhận và xử lý yêu cầu rời phòng 1 - username: pipo
[2024-12-30 09:27:12] [CLIENT] [EXIT_ROOM]Client 3 Gửi yêu cầu rời phòng đấu giá - 1
[2024-12-30 09:27:12] [SERVER] [JOIN_ROOM]Nhận và xử lý yêu cầu rời phòng 1 - username: abc
[2024-12-30 10:20:02] [CLIENT] [LOGIN]Yêu cầu đăng nhập vào hệ thống - username: abc
[2024-12-30 10:20:02] [SERVER] [LOGIN]Nhận và xử lý yêu cầu đăng nhập - username: abc
[2024-12-30 10:20:02] [SERVER] [FETCH_ALL_ROOM]Nhận và xử lý yêu cầu lấy danh sách tất cả các phòng hiện có
[2024-12-30 10:20:04] [SERVER] [FETCH_OWN_ROOM]Nhận và xử lý yêu cầu lấy danh sách các phòng đang sử hữu - username: abc
[2024-12-30 10:20:07] [SERVER] [FETCH_OWN_ROOM]Nhận và xử lý yêu cầu lấy danh sách các phòng đang sử hữu - username: abc
[2024-12-30 10:20:07] [SERVER] [FETCH_ALL_ROOM]Nhận và xử lý yêu cầu lấy danh sách tất cả các phòng hiện có
[2024-12-30 10:27:24] [CLIENT] [LOGIN]Yêu cầu đăng nhập vào hệ thống - username: abc
[2024-12-30 10:27:24] [SERVER] [LOGIN]Nhận và xử lý yêu cầu đăng nhập - username: abc
[2024-12-30 10:27:25] [SERVER] [FETCH_ALL_ROOM]Nhận và xử lý yêu cầu lấy danh sách tất cả các phòng hiện có
[2024-12-30 10:27:29] [SERVER] [FETCH_OWN_ROOM]Nhận và xử lý yêu cầu lấy danh sách các phòng đang sử hữu - username: abc
[2024-12-30 10:27:32] [SERVER] [FETCH_OWN_ROOM]Nhận và xử lý yêu cầu lấy danh sách các phòng đang sử hữu - username: abc
[2024-12-30 10:27:40] [CLIENT] [LOGIN]Yêu cầu đăng nhập vào hệ thống - username: pipo
[2024-12-30 10:27:40] [SERVER] [LOGIN]Nhận và xử lý yêu cầu đăng nhập - username: pipo
[2024-12-30 10:27:41] [SERVER] [FETCH_ALL_ROOM]Nhận và xử lý yêu cầu lấy danh sách tất cả các phòng hiện có
[2024-12-30 10:27:42] [SERVER] [FETCH_OWN_ROOM]Nhận và xử lý yêu cầu lấy danh sách các phòng đang sử hữu - username: pipo
[2024-12-30 10:28:04] [SERVER] [FETCH_OWN_ROOM]Nhận và xử lý yêu cầu lấy danh sách các phòng đang sử hữu - username: pipo
[2024-12-30 10:28:07] [SERVER] [FETCH_OWN_ROOM]Nhận và xử lý yêu cầu lấy danh sách các phòng đang sử hữu - username: pipo
[2024-12-30 10:28:31] [CLIENT] [CREATE_ROOM]Client 3 Gửi yêu cầu tạo mới phòng đấu giá
[2024-12-30 10:28:31] [SERVER] [CREATE_ROOM]Nhận và xử lý yêu cầu tạo phòng - username: pipo
[2024-12-30 10:28:31] [SERVER] [FETCH_OWN_ROOM]Nhận và xử lý yêu cầu lấy danh sách các phòng đang sử hữu - username: pipo
[2024-12-30 10:28:31] [SERVER] [FETCH_ALL_ROOM]Nhận và xử lý yêu cầu lấy danh sách tất cả các phòng hiện có
[2024-12-30 10:28:33] [CLIENT] [JOIN_ROOM]Client 3 Gửi yêu cầu tham gia phòng đấu giá - 2
[2024-12-30 10:28:33] [SERVER] [JOIN_ROOM]Nhận và xử lý yêu cầu tham gia phòng 2 - username: pipo
[2024-12-30 10:28:33] [CLIENT] [FETCH_ITEMS]Client 3 Gửi yêu cầu lấy danh sách vật phẩm trong room - 2
[2024-12-30 10:29:00] [CLIENT] [CREATE_ITEM]Client 3 Gửi yêu cầu tạo mới vật phẩm đấu giá
[2024-12-30 10:29:01] [CLIENT] [FETCH_ITEMS]Client 3 Gửi yêu cầu lấy danh sách vật phẩm trong room - 2
[2024-12-30 10:29:01] [SERVER] [FETCH_ALL_ROOM]Nhận và xử lý yêu cầu lấy danh sách tất cả các phòng hiện có
[2024-12-30 10:29:06] [SERVER] [FETCH_ALL_ROOM]Nhận và xử lý yêu cầu lấy danh sách tất cả các phòng hiện có
[2024-12-30 10:29:07] [CLIENT] [JOIN_ROOM]Client 3 Gửi yêu cầu tham gia phòng đấu giá - 2
[2024-12-30 10:29:07] [SERVER] [JOIN_ROOM]Nhận và xử lý yêu cầu tham gia phòng 2 - username: abc
[2024-12-30 10:29:07] [CLIENT] [FETCH_ITEMS]Client 3 Gửi yêu cầu lấy danh sách vật phẩm trong room - 2
[2024-12-30 10:29:10] [CLIENT] [BUY_NOW]Client 3 Gửi yêu cầu mua ngay vật phẩm id - 3
[2024-12-30 10:29:10] [SERVER] [BUY_NOW]Nhận và xử lý yêu cầu mua ngay vật phẩm từ client -  abc
[2024-12-30 10:29:10] [CLIENT] [JOIN_ROOM]Client 3 Gửi yêu cầu tham gia phòng đấu giá - 2
[2024-12-30 10:29:10] [CLIENT] [FETCH_ITEMS]Client 3 Gửi yêu cầu lấy danh sách vật phẩm trong room - 2
[2024-12-30 10:29:10] [SERVER] [JOIN_ROOM]Nhận và xử lý yêu cầu tham gia phòng 2 - username: pipo
[2024-12-30 10:29:10] [CLIENT] [FETCH_ITEMS]Client 3 Gửi yêu cầu lấy danh sách vật phẩm trong room - 2
[2024-12-30 10:29:17] [CLIENT] [EXIT_ROOM]Client 3 Gửi yêu cầu rời phòng đấu giá - 2
[2024-12-30 10:29:17] [SERVER] [JOIN_ROOM]Nhận và xử lý yêu cầu rời phòng 2 - username: abc
